info  2024-11-20T06:52:52.014 nodeos    chain_plugin.cpp:556          plugin_initialize    ] initializing chain plugin
info  2024-11-20T06:52:52.014 nodeos    chain_plugin.cpp:408          operator()           ] Support for builtin protocol feature 'PREACTIVATE_FEATURE' (with digest of '0ec7e080177b2c02b278d5088611686b49d739925a92d9bfcacd7fc6b74053bd') is enabled without activation restrictions
info  2024-11-20T06:52:52.014 nodeos    chain_plugin.cpp:395          operator()           ] Support for builtin protocol feature 'ONLY_LINK_TO_EXISTING_PERMISSION' (with digest of '1a99a59d87e06e09ec5b028a9cbb7749b4a5ad8819004365d02dc4379a8b7241') is enabled with preactivation required
info  2024-11-20T06:52:52.014 nodeos    chain_plugin.cpp:395          operator()           ] Support for builtin protocol feature 'FORWARD_SETCODE' (with digest of '2652f5f96006294109b3dd0bbde63693f55324af452b799ee137a81a905eed25') is enabled with preactivation required
info  2024-11-20T06:52:52.014 nodeos    chain_plugin.cpp:395          operator()           ] Support for builtin protocol feature 'REPLACE_DEFERRED' (with digest of 'ef43112c6543b88db2283a2e077278c315ae2c84719a8b25f25cc88565fbea99') is enabled with preactivation required
info  2024-11-20T06:52:52.014 nodeos    chain_plugin.cpp:395          operator()           ] Support for builtin protocol feature 'NO_DUPLICATE_DEFERRED_ID' (with digest of '4a90c00d55454dc5b059055ca213579c6ea856967712a56017487886a4d4cc0f') is enabled with preactivation required
info  2024-11-20T06:52:52.014 nodeos    chain_plugin.cpp:395          operator()           ] Support for builtin protocol feature 'RAM_RESTRICTIONS' (with digest of '4e7bf348da00a945489b2a681749eb56f5de00b900014e137ddae39f48f69d67') is enabled with preactivation required
info  2024-11-20T06:52:52.014 nodeos    chain_plugin.cpp:395          operator()           ] Support for builtin protocol feature 'DISALLOW_EMPTY_PRODUCER_SCHEDULE' (with digest of '68dcaa34c0517d19666e6b33add67351d8c5f69e999ca1e37931bc410a297428') is enabled with preactivation required
info  2024-11-20T06:52:52.014 nodeos    chain_plugin.cpp:395          operator()           ] Support for builtin protocol feature 'ONLY_BILL_FIRST_AUTHORIZER' (with digest of '8ba52fe7a3956c5cd3a656a3174b931d3bb2abb45578befc59f283ecd816a405') is enabled with preactivation required
info  2024-11-20T06:52:52.014 nodeos    chain_plugin.cpp:395          operator()           ] Support for builtin protocol feature 'RESTRICT_ACTION_TO_SELF' (with digest of 'ad9e3d8f650687709fd68f4b90b41f7d825a365b02c23a636cef88ac2ac00c43') is enabled with preactivation required
info  2024-11-20T06:52:52.014 nodeos    chain_plugin.cpp:395          operator()           ] Support for builtin protocol feature 'FIX_LINKAUTH_RESTRICTION' (with digest of 'e0fb64b1085cc5538970158d05a009c24e276fb94e1a0bf6a528b48fbc4ff526') is enabled with preactivation required
info  2024-11-20T06:52:52.014 nodeos    chain_plugin.cpp:395          operator()           ] Support for builtin protocol feature 'GET_SENDER' (with digest of 'f0af56d2c5a48d60a4a5b5c903edfb7db3a736a94ed589d0b797df33ff9d3e1d') is enabled with preactivation required
info  2024-11-20T06:52:52.014 nodeos    chain_plugin.cpp:867          plugin_initialize    ] Using genesis state provided in '/wana/genesis.json'
warn  2024-11-20T06:52:52.014 nodeos    chain_plugin.cpp:869          plugin_initialize    ] Starting up fresh blockchain with provided genesis state.
info  2024-11-20T06:52:52.033 nodeos    http_plugin.cpp:465           plugin_initialize    ] configured http to listen on 127.0.0.1:8888
info  2024-11-20T06:52:52.033 nodeos    http_plugin.cpp:412           operator()           ] configured http with Access-Control-Allow-Origin: *
info  2024-11-20T06:52:52.033 nodeos    main.cpp:93                   main                 ] nodeos version v1.8.6-dirty
info  2024-11-20T06:52:52.033 nodeos    main.cpp:94                   main                 ] nodeos using configuration file /root/.local/share/eosio/nodeos/config/config.ini
info  2024-11-20T06:52:52.033 nodeos    main.cpp:95                   main                 ] nodeos data directory is /root/.local/share/eosio/nodeos/data
warn  2024-11-20T06:52:52.033 nodeos    controller.cpp:542            init                 ] No existing chain state or fork database. Initializing fresh blockchain state and resetting fork database.
warn  2024-11-20T06:52:52.033 nodeos    controller.cpp:432            initialize_blockchai ] Initializing new blockchain with genesis state
info  2024-11-20T06:52:52.073 nodeos    chain_plugin.cpp:982          plugin_startup       ] starting chain in read/write mode
info  2024-11-20T06:52:52.073 nodeos    chain_plugin.cpp:986          plugin_startup       ] Blockchain started; head block is #1, genesis timestamp is 2018-06-01T12:00:00.000
info  2024-11-20T06:52:52.073 nodeos    http_plugin.cpp:538           plugin_startup       ] start listening for http requests
info  2024-11-20T06:52:52.073 nodeos    http_plugin.cpp:625           add_handler          ] add api url: /v1/node/get_supported_apis
info  2024-11-20T06:52:52.073 nodeos    chain_api_plugin.cpp:77       plugin_startup       ] starting chain_api_plugin
info  2024-11-20T06:52:52.073 nodeos    http_plugin.cpp:625           add_handler          ] add api url: /v1/chain/abi_bin_to_json
info  2024-11-20T06:52:52.073 nodeos    http_plugin.cpp:625           add_handler          ] add api url: /v1/chain/abi_json_to_bin
info  2024-11-20T06:52:52.073 nodeos    http_plugin.cpp:625           add_handler          ] add api url: /v1/chain/get_abi
info  2024-11-20T06:52:52.073 nodeos    http_plugin.cpp:625           add_handler          ] add api url: /v1/chain/get_account
info  2024-11-20T06:52:52.073 nodeos    http_plugin.cpp:625           add_handler          ] add api url: /v1/chain/get_activated_protocol_features
info  2024-11-20T06:52:52.073 nodeos    http_plugin.cpp:625           add_handler          ] add api url: /v1/chain/get_block
info  2024-11-20T06:52:52.073 nodeos    http_plugin.cpp:625           add_handler          ] add api url: /v1/chain/get_block_header_state
info  2024-11-20T06:52:52.073 nodeos    http_plugin.cpp:625           add_handler          ] add api url: /v1/chain/get_code
info  2024-11-20T06:52:52.073 nodeos    http_plugin.cpp:625           add_handler          ] add api url: /v1/chain/get_code_hash
info  2024-11-20T06:52:52.073 nodeos    http_plugin.cpp:625           add_handler          ] add api url: /v1/chain/get_currency_balance
info  2024-11-20T06:52:52.073 nodeos    http_plugin.cpp:625           add_handler          ] add api url: /v1/chain/get_currency_stats
info  2024-11-20T06:52:52.073 nodeos    http_plugin.cpp:625           add_handler          ] add api url: /v1/chain/get_info
info  2024-11-20T06:52:52.073 nodeos    http_plugin.cpp:625           add_handler          ] add api url: /v1/chain/get_producer_schedule
info  2024-11-20T06:52:52.073 nodeos    http_plugin.cpp:625           add_handler          ] add api url: /v1/chain/get_producers
info  2024-11-20T06:52:52.073 nodeos    http_plugin.cpp:625           add_handler          ] add api url: /v1/chain/get_raw_abi
info  2024-11-20T06:52:52.073 nodeos    http_plugin.cpp:625           add_handler          ] add api url: /v1/chain/get_raw_code_and_abi
info  2024-11-20T06:52:52.073 nodeos    http_plugin.cpp:625           add_handler          ] add api url: /v1/chain/get_required_keys
info  2024-11-20T06:52:52.073 nodeos    http_plugin.cpp:625           add_handler          ] add api url: /v1/chain/get_scheduled_transactions
info  2024-11-20T06:52:52.073 nodeos    http_plugin.cpp:625           add_handler          ] add api url: /v1/chain/get_table_by_scope
info  2024-11-20T06:52:52.073 nodeos    http_plugin.cpp:625           add_handler          ] add api url: /v1/chain/get_table_rows
info  2024-11-20T06:52:52.073 nodeos    http_plugin.cpp:625           add_handler          ] add api url: /v1/chain/get_transaction_id
info  2024-11-20T06:52:52.073 nodeos    http_plugin.cpp:625           add_handler          ] add api url: /v1/chain/push_block
info  2024-11-20T06:52:52.073 nodeos    http_plugin.cpp:625           add_handler          ] add api url: /v1/chain/push_transaction
info  2024-11-20T06:52:52.073 nodeos    http_plugin.cpp:625           add_handler          ] add api url: /v1/chain/push_transactions
info  2024-11-20T06:52:52.073 nodeos    http_plugin.cpp:625           add_handler          ] add api url: /v1/chain/send_transaction
info  2024-11-20T06:52:52.073 nodeos    history_api_plugin.cpp:38     plugin_startup       ] starting history_api_plugin
info  2024-11-20T06:52:52.073 nodeos    http_plugin.cpp:625           add_handler          ] add api url: /v1/history/get_actions
info  2024-11-20T06:52:52.073 nodeos    http_plugin.cpp:625           add_handler          ] add api url: /v1/history/get_controlled_accounts
info  2024-11-20T06:52:52.073 nodeos    http_plugin.cpp:625           add_handler          ] add api url: /v1/history/get_key_accounts
info  2024-11-20T06:52:52.073 nodeos    http_plugin.cpp:625           add_handler          ] add api url: /v1/history/get_transaction
info  2024-11-20T06:52:52.073 nodeos    producer_plugin.cpp:827       plugin_startup       ] producer plugin:  plugin_startup() begin
info  2024-11-20T06:52:52.073 nodeos    producer_plugin.cpp:850       plugin_startup       ] Launching block production for 1 producers at 2024-11-20T06:52:52.073.
info  2024-11-20T06:52:52.074 nodeos    transaction_context.cp:103    deadline_timer       ] Using 6us deadline timer for checktime: min:1us max:17us mean:2us stddev:2us
LOG 0
info  2024-11-20T06:52:52.074 nodeos    producer_plugin.cpp:862       plugin_startup       ] producer plugin:  plugin_startup() end
info  2024-11-20T06:52:52.500 nodeos    producer_plugin.cpp:1914      produce_block        ] Produced block 00000002730376d5... #2 @ 2024-11-20T06:52:52.500 signed by eosio [trxs: 0, lib: 1, confirmed: 0]
LOG 0
info  2024-11-20T06:52:53.000 nodeos    producer_plugin.cpp:1914      produce_block        ] Produced block 00000003f6a13ebc... #3 @ 2024-11-20T06:52:53.000 signed by eosio [trxs: 0, lib: 2, confirmed: 0]
LOG 0
info  2024-11-20T06:52:53.500 nodeos    producer_plugin.cpp:1914      produce_block        ] Produced block 000000049de2b14c... #4 @ 2024-11-20T06:52:53.500 signed by eosio [trxs: 0, lib: 3, confirmed: 0]
LOG 0
LOG 0
LOG 0
LOG 0
LOG 0
LOG 0
LOG 0
LOG 0
LOG 0
LOG 0
LOG 0
LOG 0
LOG 0
LOG 0
info  2024-11-20T06:52:54.001 nodeos    producer_plugin.cpp:1914      produce_block        ] Produced block 00000005d4a969cc... #5 @ 2024-11-20T06:52:54.000 signed by eosio [trxs: 11, lib: 4, confirmed: 0]
LOG 0
LOG 0
LOG 0
LOG 0
LOG 0
LOG 0
LOG 0
LOG 0
LOG 0
LOG 0
LOG 0
LOG 0
LOG 0
LOG 0
LOG 0
LOG 0
LOG 0
LOG 0
LOG 0
LOG 0
LOG 0
LOG 0
LOG 0
LOG 0
LOG 0
info  2024-11-20T06:52:54.501 nodeos    producer_plugin.cpp:1914      produce_block        ] Produced block 00000006bee6d733... #6 @ 2024-11-20T06:52:54.500 signed by eosio [trxs: 15, lib: 5, confirmed: 0]
LOG 0
LOG 0
LOG 0
LOG 0
LOG 0
LOG 0
LOG 0
info  2024-11-20T06:52:55.001 nodeos    producer_plugin.cpp:1914      produce_block        ] Produced block 00000007a001c2ed... #7 @ 2024-11-20T06:52:55.000 signed by eosio [trxs: 4, lib: 6, confirmed: 0]
LOG 0
LOG 0
LOG 0
info  2024-11-20T06:52:55.507 nodeos    producer_plugin.cpp:1914      produce_block        ] Produced block 00000008aaffca2f... #8 @ 2024-11-20T06:52:55.500 signed by eosio [trxs: 1, lib: 7, confirmed: 0]
LOG 0
LOG 0
error 2024-11-20T06:52:55.808 nodeos    http_plugin.cpp:652           handle_exception     ] FC Exception encountered while processing chain.push_transaction
info  2024-11-20T06:52:56.001 nodeos    producer_plugin.cpp:1914      produce_block        ] Produced block 000000098510a4ad... #9 @ 2024-11-20T06:52:56.000 signed by eosio [trxs: 0, lib: 8, confirmed: 0]
LOG 0
